2017-06-15 15:41:00,529 [INFO] from application in ForkJoinPool-1-worker-1 - Creating Pool for datasource 'default'
2017-06-15 15:41:00,711 [INFO] from play.api.db.DefaultDBApi in ForkJoinPool-1-worker-1 - Database [default] connected at jdbc:sqlite:banco.db
2017-06-15 15:41:06,277 [INFO] from play.api.Play in ForkJoinPool-1-worker-1 - Application started (Dev)
2017-06-15 16:07:31,364 [INFO] from application in application-akka.actor.default-dispatcher-6 - Shutting down connection pool.
2017-06-15 16:07:31,533 [INFO] from application in application-akka.actor.default-dispatcher-6 - Creating Pool for datasource 'default'
2017-06-15 16:07:31,536 [INFO] from play.api.db.DefaultDBApi in application-akka.actor.default-dispatcher-6 - Database [default] connected at jdbc:sqlite:banco.db
2017-06-15 16:07:31,634 [INFO] from play.api.Play in application-akka.actor.default-dispatcher-6 - Application started (Dev)
2017-06-15 19:06:59,674 [INFO] from application in pool-1-thread-1 - Creating Pool for datasource 'default'
2017-06-15 19:07:08,804 [ERROR] from com.gargoylesoftware.htmlunit.WebConsole in JS executor for com.gargoylesoftware.htmlunit.WebClient@4dc20581 - TypeError: Cannot find function assign in object function Object() {
    [native code]
}.
2017-06-15 19:07:08,869 [INFO] from application in pool-1-thread-1 - Shutting down connection pool.
2017-06-15 19:07:09,130 [INFO] from application in pool-1-thread-1 - Creating Pool for datasource 'default'
2017-06-15 19:07:09,921 [INFO] from application in pool-1-thread-1 - Shutting down connection pool.
2017-06-15 19:08:53,198 [INFO] from application in pool-1-thread-1 - Creating Pool for datasource 'default'
2017-06-15 19:09:00,514 [INFO] from application in pool-1-thread-1 - Shutting down connection pool.
2017-06-15 19:21:56,416 [INFO] from application in pool-1-thread-1 - Creating Pool for datasource 'default'
2017-06-15 19:22:03,773 [INFO] from application in pool-1-thread-1 - Creating Pool for datasource 'default'
2017-06-15 19:22:03,905 [INFO] from application in pool-1-thread-1 - Shutting down connection pool.
2017-06-15 19:22:04,431 [INFO] from application in pool-1-thread-1 - Shutting down connection pool.
2017-06-15 19:22:04,748 [INFO] from application in pool-1-thread-1 - Creating Pool for datasource 'default'
2017-06-15 19:22:05,097 [INFO] from application in pool-1-thread-1 - Shutting down connection pool.
2017-06-15 19:24:39,258 [INFO] from application in pool-1-thread-1 - Creating Pool for datasource 'default'
2017-06-15 19:24:46,543 [INFO] from application in pool-1-thread-1 - Creating Pool for datasource 'default'
2017-06-15 19:24:46,698 [INFO] from application in pool-1-thread-1 - Shutting down connection pool.
2017-06-15 19:24:47,281 [INFO] from application in pool-1-thread-1 - Shutting down connection pool.
2017-06-15 19:24:47,508 [INFO] from application in pool-1-thread-1 - Creating Pool for datasource 'default'
2017-06-15 19:24:47,791 [INFO] from application in pool-1-thread-1 - Shutting down connection pool.
2017-06-15 19:29:14,515 [INFO] from application in pool-1-thread-1 - Creating Pool for datasource 'default'
2017-06-15 19:29:16,711 [INFO] from application in pool-1-thread-1 - Creating Pool for datasource 'default'
2017-06-15 19:29:16,827 [INFO] from application in pool-1-thread-1 - Shutting down connection pool.
2017-06-15 19:29:17,833 [INFO] from application in pool-1-thread-1 - Shutting down connection pool.
2017-06-15 19:29:18,036 [INFO] from application in pool-1-thread-1 - Creating Pool for datasource 'default'
2017-06-15 19:29:18,140 [INFO] from application in pool-1-thread-1 - Shutting down connection pool.
2017-06-15 19:29:18,349 [INFO] from application in pool-1-thread-1 - Creating Pool for datasource 'default'
2017-06-15 19:29:18,572 [INFO] from application in pool-1-thread-1 - Creating Pool for datasource 'default'
2017-06-15 19:29:18,613 [INFO] from application in pool-1-thread-1 - Shutting down connection pool.
2017-06-15 19:29:18,662 [INFO] from application in pool-1-thread-1 - Shutting down connection pool.
2017-06-15 20:16:20,130 [INFO] from application in pool-1-thread-1 - Creating Pool for datasource 'default'
2017-06-15 20:16:22,632 [INFO] from application in pool-1-thread-1 - Creating Pool for datasource 'default'
2017-06-15 20:16:22,786 [INFO] from application in pool-1-thread-1 - Shutting down connection pool.
2017-06-15 20:16:23,865 [INFO] from application in pool-1-thread-1 - Shutting down connection pool.
2017-06-15 20:16:24,078 [INFO] from application in pool-1-thread-1 - Creating Pool for datasource 'default'
2017-06-15 20:16:24,326 [INFO] from application in pool-1-thread-1 - Creating Pool for datasource 'default'
2017-06-15 20:16:24,392 [INFO] from application in pool-1-thread-1 - Shutting down connection pool.
2017-06-15 20:16:24,427 [INFO] from application in pool-1-thread-1 - Shutting down connection pool.
2017-06-15 20:16:24,624 [INFO] from application in pool-1-thread-1 - Creating Pool for datasource 'default'
2017-06-15 20:16:24,714 [INFO] from application in pool-1-thread-1 - Shutting down connection pool.
2017-06-15 20:16:24,948 [INFO] from application in pool-1-thread-1 - Creating Pool for datasource 'default'
2017-06-15 20:16:25,299 [INFO] from application in pool-1-thread-1 - Creating Pool for datasource 'default'
2017-06-15 20:16:25,422 [INFO] from application in pool-1-thread-1 - Shutting down connection pool.
2017-06-15 20:16:25,477 [INFO] from application in pool-1-thread-1 - Shutting down connection pool.
2017-06-15 20:16:25,662 [INFO] from application in pool-1-thread-1 - Creating Pool for datasource 'default'
2017-06-15 20:16:25,888 [INFO] from application in pool-1-thread-1 - Creating Pool for datasource 'default'
2017-06-15 20:16:25,930 [INFO] from application in pool-1-thread-1 - Shutting down connection pool.
2017-06-15 20:16:26,150 [INFO] from application in pool-1-thread-1 - Shutting down connection pool.
